<?xml version="1.0" encoding="UTF-8"?>
<testsuite xmlns:xsi="http://www.w3.org/2001/XMLSchema-instance" xsi:noNamespaceSchemaLocation="https://maven.apache.org/surefire/maven-surefire-plugin/xsd/surefire-test-report-3.0.xsd" version="3.0" name="com.example.demojen.DemojenApplicationTests" time="2.99" tests="1" errors="0" skipped="0" failures="0">
  <properties>
[...]
</properties>
  <testcase name="contextLoads" classname="com.example.demojen.DemojenApplicationTests" time="1.297">
    <system-out><![CDATA[14:53:22.078 [main] INFO org.springframework.test.context.support.AnnotationConfigContextLoaderUtils -- Could not detect default configuration classes for test class [com.example.demojen.DemojenApplicationTests]: DemojenApplicationTests does not declare any static, non-private, non-final, nested classes annotated with @Configuration.
14:53:22.240 [main] INFO org.springframework.boot.test.context.SpringBootTestContextBootstrapper -- Found @SpringBootConfiguration com.example.demojen.DemojenApplication for test class com.example.demojen.DemojenApplicationTests

  .   ____          _            __ _ _
 /\\ / ___'_ __ _ _(_)_ __  __ _ \ \ \ \
( ( )\___ | '_ | '_| | '_ \/ _` | \ \ \ \
 \\/  ___)| |_)| | | | | || (_| |  ) ) ) )
  '  |____| .__|_| |_|_| |_\__, | / / / /
 =========|_|==============|___/=/_/_/_/
 :: Spring Boot ::                (v3.2.4)

2024-03-29T14:53:22.771+05:30  INFO 27360 --- [demojen] [           main] c.e.demojen.DemojenApplicationTests      : Starting DemojenApplicationTests using Java 18.0.2 with PID 27360 (started by DELL in C:\Users\DELL\Documents\HCL\demojen\demojen)
2024-03-29T14:53:22.773+05:30  INFO 27360 --- [demojen] [           main] c.e.demojen.DemojenApplicationTests      : No active profile set, falling back to 1 default profile: "default"
2024-03-29T14:53:23.498+05:30  INFO 27360 --- [demojen] [           main] c.e.demojen.DemojenApplicationTests      : Started DemojenApplicationTests in 1.049 seconds (process running for 2.727)
]]></system-out>
  </testcase>
</testsuite>