<?xml version="1.0" encoding="UTF-8"?>
<testsuite xmlns:xsi="http://www.w3.org/2001/XMLSchema-instance" xsi:noNamespaceSchemaLocation="https://maven.apache.org/surefire/maven-surefire-plugin/xsd/surefire-test-report-3.0.xsd" version="3.0" name="com.gl.jenkins.JenkinsApplicationTests" time="3.875" tests="1" errors="0" skipped="0" failures="0">
  <properties>
[...]
</properties>
  <testcase name="contextLoads" classname="com.gl.jenkins.JenkinsApplicationTests" time="1.642">
    <system-out><![CDATA[11:22:13.395 [main] INFO org.springframework.test.context.support.AnnotationConfigContextLoaderUtils -- Could not detect default configuration classes for test class [com.gl.jenkins.JenkinsApplicationTests]: JenkinsApplicationTests does not declare any static, non-private, non-final, nested classes annotated with @Configuration.
11:22:13.594 [main] INFO org.springframework.boot.test.context.SpringBootTestContextBootstrapper -- Found @SpringBootConfiguration com.gl.jenkins.JenkinsApplication for test class com.gl.jenkins.JenkinsApplicationTests

  .   ____          _            __ _ _
 /\\ / ___'_ __ _ _(_)_ __  __ _ \ \ \ \
( ( )\___ | '_ | '_| | '_ \/ _` | \ \ \ \
 \\/  ___)| |_)| | | | | || (_| |  ) ) ) )
  '  |____| .__|_| |_|_| |_\__, | / / / /
 =========|_|==============|___/=/_/_/_/
 :: Spring Boot ::               (v3.1.10)

2024-03-29T11:22:14.337+05:30  INFO 21996 --- [           main] com.gl.jenkins.JenkinsApplicationTests   : Starting JenkinsApplicationTests using Java 18.0.2 with PID 21996 (started by DELL in C:\Users\DELL\Documents\JenkinsProject\jenkins\jenkins)
2024-03-29T11:22:14.338+05:30  INFO 21996 --- [           main] com.gl.jenkins.JenkinsApplicationTests   : No active profile set, falling back to 1 default profile: "default"
2024-03-29T11:22:15.232+05:30  INFO 21996 --- [           main] com.gl.jenkins.JenkinsApplicationTests   : Started JenkinsApplicationTests in 1.33 seconds (process running for 3.591)
]]></system-out>
  </testcase>
</testsuite>